{"numTotalTestSuites":14,"numPassedTestSuites":14,"numFailedTestSuites":0,"numPendingTestSuites":0,"numTotalTests":75,"numPassedTests":75,"numFailedTests":0,"numPendingTests":0,"numTodoTests":0,"snapshot":{"added":0,"failure":false,"filesAdded":0,"filesRemoved":0,"filesRemovedList":[],"filesUnmatched":0,"filesUpdated":0,"matched":0,"total":0,"unchecked":0,"uncheckedKeysByFile":[],"unmatched":0,"updated":0,"didUpdate":false},"startTime":1772987637129,"success":true,"testResults":[{"assertionResults":[{"ancestorTitles":["authz contract"],"fullName":"authz contract rejects /me routes without auth","status":"passed","title":"rejects /me routes without auth","duration":13.12122700000009,"failureMessages":[],"meta":{}},{"ancestorTitles":["authz contract"],"fullName":"authz contract rejects /admin routes without admin rights","status":"passed","title":"rejects /admin routes without admin rights","duration":1.750083999999788,"failureMessages":[],"meta":{}},{"ancestorTitles":["authz contract"],"fullName":"authz contract rejects /super-admin routes without super-admin rights","status":"passed","title":"rejects /super-admin routes without super-admin rights","duration":1.5918540000002395,"failureMessages":[],"meta":{}},{"ancestorTitles":["authz contract"],"fullName":"authz contract allows /super-admin/status with required privileges","status":"passed","title":"allows /super-admin/status with required privileges","duration":3.2594859999999244,"failureMessages":[],"meta":{}},{"ancestorTitles":["authz contract"],"fullName":"authz contract guards and serves /admin/dashboard/stats","status":"passed","title":"guards and serves /admin/dashboard/stats","duration":3.3515760000000228,"failureMessages":[],"meta":{}}],"startTime":1772987639274,"endTime":1772987639297.3516,"status":"passed","message":"","name":"/home/wim/Code/Repositories/Personal/nextjs-saas-boilerplate-drizzle-singletenant-hono-final/apps/api-main/tests/app.authz.functional.test.ts"},{"assertionResults":[{"ancestorTitles":["API functional routes"],"fullName":"API functional routes returns health status","status":"passed","title":"returns health status","duration":17.843466000000262,"failureMessages":[],"meta":{}},{"ancestorTitles":["API functional routes"],"fullName":"API functional routes rejects email sign-in with missing credentials","status":"passed","title":"rejects email sign-in with missing credentials","duration":1.9972239999997328,"failureMessages":[],"meta":{}},{"ancestorTitles":["API functional routes"],"fullName":"API functional routes accepts email sign-in with valid credentials","status":"passed","title":"accepts email sign-in with valid credentials","duration":1.9858630000003359,"failureMessages":[],"meta":{}},{"ancestorTitles":["API functional routes"],"fullName":"API functional routes rejects mobile token request with invalid payload","status":"passed","title":"rejects mobile token request with invalid payload","duration":2.3085120000000643,"failureMessages":[],"meta":{}},{"ancestorTitles":["API functional routes"],"fullName":"API functional routes issues mobile tokens with valid credentials","status":"passed","title":"issues mobile tokens with valid credentials","duration":2.1546809999999823,"failureMessages":[],"meta":{}},{"ancestorTitles":["API functional routes"],"fullName":"API functional routes rejects mobile refresh with invalid bearer token","status":"passed","title":"rejects mobile refresh with invalid bearer token","duration":1.7117679999996653,"failureMessages":[],"meta":{}},{"ancestorTitles":["API functional routes"],"fullName":"API functional routes refreshes mobile token with valid bearer token","status":"passed","title":"refreshes mobile token with valid bearer token","duration":1.026531999999861,"failureMessages":[],"meta":{}},{"ancestorTitles":["API functional routes"],"fullName":"API functional routes rejects mobile revoke with invalid bearer token","status":"passed","title":"rejects mobile revoke with invalid bearer token","duration":1.1821350000000166,"failureMessages":[],"meta":{}},{"ancestorTitles":["API functional routes"],"fullName":"API functional routes revokes mobile token with valid bearer token","status":"passed","title":"revokes mobile token with valid bearer token","duration":1.5328490000001693,"failureMessages":[],"meta":{}},{"ancestorTitles":["API functional routes"],"fullName":"API functional routes rejects dodo webhook with invalid signature","status":"passed","title":"rejects dodo webhook with invalid signature","duration":1.4979499999999462,"failureMessages":[],"meta":{}},{"ancestorTitles":["API functional routes"],"fullName":"API functional routes accepts dodo webhook with valid signature","status":"passed","title":"accepts dodo webhook with valid signature","duration":0.760913999999957,"failureMessages":[],"meta":{}},{"ancestorTitles":["API functional routes"],"fullName":"API functional routes validates packageKey for checkout","status":"passed","title":"validates packageKey for checkout","duration":1.5275280000000748,"failureMessages":[],"meta":{}},{"ancestorTitles":["API functional routes"],"fullName":"API functional routes serves OpenAPI specs on both endpoints","status":"passed","title":"serves OpenAPI specs on both endpoints","duration":3.643515000000207,"failureMessages":[],"meta":{}},{"ancestorTitles":["API functional routes"],"fullName":"API functional routes returns admin dashboard stats","status":"passed","title":"returns admin dashboard stats","duration":1.581695000000309,"failureMessages":[],"meta":{}},{"ancestorTitles":["API functional routes"],"fullName":"API functional routes returns super-admin dashboard stats","status":"passed","title":"returns super-admin dashboard stats","duration":1.2499079999997775,"failureMessages":[],"meta":{}},{"ancestorTitles":["API functional routes"],"fullName":"API functional routes returns checkout URL for known package","status":"passed","title":"returns checkout URL for known package","duration":1.6139070000003812,"failureMessages":[],"meta":{}},{"ancestorTitles":["API functional routes"],"fullName":"API functional routes returns 404 for unknown super-admin user","status":"passed","title":"returns 404 for unknown super-admin user","duration":1.814147999999932,"failureMessages":[],"meta":{}},{"ancestorTitles":["API functional routes"],"fullName":"API functional routes returns user detail for known super-admin user","status":"passed","title":"returns user detail for known super-admin user","duration":0.9357740000000376,"failureMessages":[],"meta":{}},{"ancestorTitles":["API functional routes"],"fullName":"API functional routes returns billing stats from admin service","status":"passed","title":"returns billing stats from admin service","duration":0.9332699999999932,"failureMessages":[],"meta":{}},{"ancestorTitles":["API functional routes"],"fullName":"API functional routes passes timeRange to revenue endpoint","status":"passed","title":"passes timeRange to revenue endpoint","duration":2.2826210000002902,"failureMessages":[],"meta":{}},{"ancestorTitles":["API functional routes"],"fullName":"API functional routes passes pagination and search to billing transactions endpoint","status":"passed","title":"passes pagination and search to billing transactions endpoint","duration":1.713412000000062,"failureMessages":[],"meta":{}},{"ancestorTitles":["API functional routes"],"fullName":"API functional routes passes pagination and search to billing purchases endpoint","status":"passed","title":"passes pagination and search to billing purchases endpoint","duration":1.6814479999998184,"failureMessages":[],"meta":{}},{"ancestorTitles":["API functional routes"],"fullName":"API functional routes returns transactions chart data","status":"passed","title":"returns transactions chart data","duration":1.5129499999998188,"failureMessages":[],"meta":{}},{"ancestorTitles":["API functional routes"],"fullName":"API functional routes returns credits consumed chart data","status":"passed","title":"returns credits consumed chart data","duration":1.2195990000000165,"failureMessages":[],"meta":{}},{"ancestorTitles":["API functional routes"],"fullName":"API functional routes returns super-admin users list and stats","status":"passed","title":"returns super-admin users list and stats","duration":1.2050489999996898,"failureMessages":[],"meta":{}},{"ancestorTitles":["API functional routes"],"fullName":"API functional routes returns super-admin user credit endpoints","status":"passed","title":"returns super-admin user credit endpoints","duration":1.6164920000001075,"failureMessages":[],"meta":{}},{"ancestorTitles":["API functional routes"],"fullName":"API functional routes handles verify-ban-secret success and failure status codes","status":"passed","title":"handles verify-ban-secret success and failure status codes","duration":1.2595660000001772,"failureMessages":[],"meta":{}},{"ancestorTitles":["API functional routes"],"fullName":"API functional routes validates discount code request body","status":"passed","title":"validates discount code request body","duration":1.8262010000003102,"failureMessages":[],"meta":{}},{"ancestorTitles":["API functional routes"],"fullName":"API functional routes routes discount CRUD and assignment operations","status":"passed","title":"routes discount CRUD and assignment operations","duration":4.6186970000003384,"failureMessages":[],"meta":{}},{"ancestorTitles":["API functional routes"],"fullName":"API functional routes routes notifications endpoints","status":"passed","title":"routes notifications endpoints","duration":2.8525329999997666,"failureMessages":[],"meta":{}},{"ancestorTitles":["API functional routes"],"fullName":"API functional routes validates invoice payload","status":"passed","title":"validates invoice payload","duration":1.247512999999799,"failureMessages":[],"meta":{}},{"ancestorTitles":["API functional routes"],"fullName":"API functional routes maps invoice errors to 400 response","status":"passed","title":"maps invoice errors to 400 response","duration":1.4964380000001256,"failureMessages":[],"meta":{}},{"ancestorTitles":["API functional routes"],"fullName":"API functional routes returns invoice payload on success","status":"passed","title":"returns invoice payload on success","duration":1.6635540000002038,"failureMessages":[],"meta":{}},{"ancestorTitles":["API functional routes"],"fullName":"API functional routes rejects checkout for unknown package key","status":"passed","title":"rejects checkout for unknown package key","duration":1.2941329999998743,"failureMessages":[],"meta":{}},{"ancestorTitles":["API functional routes"],"fullName":"API functional routes rejects malformed client log payload","status":"passed","title":"rejects malformed client log payload","duration":3.72195899999997,"failureMessages":[],"meta":{}},{"ancestorTitles":["API functional routes"],"fullName":"API functional routes accepts valid client log payload","status":"passed","title":"accepts valid client log payload","duration":1.9143629999998666,"failureMessages":[],"meta":{}},{"ancestorTitles":["API functional routes"],"fullName":"API functional routes maps generate-code failures to 400","status":"passed","title":"maps generate-code failures to 400","duration":1.26309399999991,"failureMessages":[],"meta":{}},{"ancestorTitles":["API functional routes"],"fullName":"API functional routes returns generated discount code","status":"passed","title":"returns generated discount code","duration":0.9069279999998798,"failureMessages":[],"meta":{}},{"ancestorTitles":["API functional routes"],"fullName":"API functional routes returns 404 for missing discount by id","status":"passed","title":"returns 404 for missing discount by id","duration":0.9589399999999841,"failureMessages":[],"meta":{}},{"ancestorTitles":["API functional routes"],"fullName":"API functional routes defaults missing userIds to empty list for assignment","status":"passed","title":"defaults missing userIds to empty list for assignment","duration":1.030240000000049,"failureMessages":[],"meta":{}},{"ancestorTitles":["API functional routes"],"fullName":"API functional routes defaults missing userIds to empty list for removal","status":"passed","title":"defaults missing userIds to empty list for removal","duration":1.6183670000000347,"failureMessages":[],"meta":{}},{"ancestorTitles":["API functional routes"],"fullName":"API functional routes forwards discount validation payload to service","status":"passed","title":"forwards discount validation payload to service","duration":1.2877819999998792,"failureMessages":[],"meta":{}},{"ancestorTitles":["API functional routes"],"fullName":"API functional routes returns 500 when send-users payload is malformed","status":"passed","title":"returns 500 when send-users payload is malformed","duration":11.549683000000186,"failureMessages":[],"meta":{}}],"startTime":1772987639283,"endTime":1772987639383.5498,"status":"passed","message":"","name":"/home/wim/Code/Repositories/Personal/nextjs-saas-boilerplate-drizzle-singletenant-hono-final/apps/api-main/tests/app.functional.test.ts"},{"assertionResults":[{"ancestorTitles":["createAdminService"],"fullName":"createAdminService rejects empty secret input","status":"passed","title":"rejects empty secret input","duration":4.1656430000000455,"failureMessages":[],"meta":{}},{"ancestorTitles":["createAdminService"],"fullName":"createAdminService rejects invalid secret input","status":"passed","title":"rejects invalid secret input","duration":1.0753279999998995,"failureMessages":[],"meta":{}},{"ancestorTitles":["createAdminService"],"fullName":"createAdminService accepts valid secret input","status":"passed","title":"accepts valid secret input","duration":0.8371529999999439,"failureMessages":[],"meta":{}},{"ancestorTitles":["createAdminService"],"fullName":"createAdminService returns configuration error when admin secret is missing","status":"passed","title":"returns configuration error when admin secret is missing","duration":0.5569259999999758,"failureMessages":[],"meta":{}},{"ancestorTitles":["createAdminService"],"fullName":"createAdminService returns null for unknown user in getUserById","status":"passed","title":"returns null for unknown user in getUserById","duration":3.3540510000000268,"failureMessages":[],"meta":{}},{"ancestorTitles":["createAdminService"],"fullName":"createAdminService maps billing stats and converts cents to EUR","status":"passed","title":"maps billing stats and converts cents to EUR","duration":1.9671149999999216,"failureMessages":[],"meta":{}},{"ancestorTitles":["createAdminService"],"fullName":"createAdminService builds pagination response for transactions","status":"passed","title":"builds pagination response for transactions","duration":2.2869490000000496,"failureMessages":[],"meta":{}}],"startTime":1772987638725,"endTime":1772987638739.2869,"status":"passed","message":"","name":"/home/wim/Code/Repositories/Personal/nextjs-saas-boilerplate-drizzle-singletenant-hono-final/apps/api-main/tests/modules/admin/service.test.ts"},{"assertionResults":[{"ancestorTitles":["createBillingService"],"fullName":"createBillingService initializes user credits when missing","status":"passed","title":"initializes user credits when missing","duration":7.366625999999997,"failureMessages":[],"meta":{}},{"ancestorTitles":["createBillingService"],"fullName":"createBillingService processes completed purchase and writes ledger + notification","status":"passed","title":"processes completed purchase and writes ledger + notification","duration":4.082640999999967,"failureMessages":[],"meta":{}},{"ancestorTitles":["createBillingService"],"fullName":"createBillingService does not mutate credits for pending purchases","status":"passed","title":"does not mutate credits for pending purchases","duration":1.8845859999998993,"failureMessages":[],"meta":{}},{"ancestorTitles":["createBillingService"],"fullName":"createBillingService is idempotent for same paymentId and does not double-credit","status":"passed","title":"is idempotent for same paymentId and does not double-credit","duration":1.4401190000000952,"failureMessages":[],"meta":{}},{"ancestorTitles":["createBillingService"],"fullName":"createBillingService throws for unknown package key","status":"passed","title":"throws for unknown package key","duration":3.0363800000000083,"failureMessages":[],"meta":{}},{"ancestorTitles":["createBillingService"],"fullName":"createBillingService returns first matched user by email","status":"passed","title":"returns first matched user by email","duration":1.5970629999999346,"failureMessages":[],"meta":{}},{"ancestorTitles":["createBillingService"],"fullName":"createBillingService downloads invoice successfully","status":"passed","title":"downloads invoice successfully","duration":1.5818750000000819,"failureMessages":[],"meta":{}},{"ancestorTitles":["createBillingService"],"fullName":"createBillingService rejects invoice download for wrong owner","status":"passed","title":"rejects invoice download for wrong owner","duration":1.1547920000000431,"failureMessages":[],"meta":{}},{"ancestorTitles":["createBillingService"],"fullName":"createBillingService returns credit history and purchases with limit","status":"passed","title":"returns credit history and purchases with limit","duration":2.4436860000000706,"failureMessages":[],"meta":{}}],"startTime":1772987638754,"endTime":1772987638779.4436,"status":"passed","message":"","name":"/home/wim/Code/Repositories/Personal/nextjs-saas-boilerplate-drizzle-singletenant-hono-final/apps/api-main/tests/modules/billing/service.test.ts"},{"assertionResults":[{"ancestorTitles":["billing transactional behavior"],"fullName":"billing transactional behavior propagates transaction failures and prevents side effects","status":"passed","title":"propagates transaction failures and prevents side effects","duration":7.292069999999967,"failureMessages":[],"meta":{}}],"startTime":1772987638743,"endTime":1772987638750.292,"status":"passed","message":"","name":"/home/wim/Code/Repositories/Personal/nextjs-saas-boilerplate-drizzle-singletenant-hono-final/apps/api-main/tests/modules/billing/transactional.behavior.test.ts"},{"assertionResults":[{"ancestorTitles":["createDiscountsService"],"fullName":"createDiscountsService rejects create discount when endDate is before startDate","status":"passed","title":"rejects create discount when endDate is before startDate","duration":5.5647019999998975,"failureMessages":[],"meta":{}},{"ancestorTitles":["createDiscountsService"],"fullName":"createDiscountsService creates discount and infers active status","status":"passed","title":"creates discount and infers active status","duration":5.427965000000086,"failureMessages":[],"meta":{}},{"ancestorTitles":["createDiscountsService"],"fullName":"createDiscountsService enforces maxUses guard during assignment","status":"passed","title":"enforces maxUses guard during assignment","duration":1.8470219999999244,"failureMessages":[],"meta":{}},{"ancestorTitles":["createDiscountsService"],"fullName":"createDiscountsService deletes remote dodo discount before local deletion","status":"passed","title":"deletes remote dodo discount before local deletion","duration":5.2680729999999585,"failureMessages":[],"meta":{}},{"ancestorTitles":["createDiscountsService"],"fullName":"createDiscountsService searchUsersForDiscount requires at least 2 chars","status":"passed","title":"searchUsersForDiscount requires at least 2 chars","duration":1.8644070000000283,"failureMessages":[],"meta":{}},{"ancestorTitles":["createDiscountsService"],"fullName":"createDiscountsService generates unique codes and retries on collision","status":"passed","title":"generates unique codes and retries on collision","duration":1.4669799999999213,"failureMessages":[],"meta":{}}],"startTime":1772987638729,"endTime":1772987638751.467,"status":"passed","message":"","name":"/home/wim/Code/Repositories/Personal/nextjs-saas-boilerplate-drizzle-singletenant-hono-final/apps/api-main/tests/modules/discounts/service.test.ts"},{"assertionResults":[{"ancestorTitles":["createNotificationsService"],"fullName":"createNotificationsService creates a notification with defaults","status":"passed","title":"creates a notification with defaults","duration":7.341768000000002,"failureMessages":[],"meta":{}},{"ancestorTitles":["createNotificationsService"],"fullName":"createNotificationsService sendNotificationToAllUsers fan-outs to all users","status":"passed","title":"sendNotificationToAllUsers fan-outs to all users","duration":1.3154159999999138,"failureMessages":[],"meta":{}},{"ancestorTitles":["createNotificationsService"],"fullName":"createNotificationsService sendNotificationToUsers handles empty input","status":"passed","title":"sendNotificationToUsers handles empty input","duration":0.8805969999998524,"failureMessages":[],"meta":{}},{"ancestorTitles":["createNotificationsService"],"fullName":"createNotificationsService unreadCount defaults to 0 when no row returned","status":"passed","title":"unreadCount defaults to 0 when no row returned","duration":2.6914090000000215,"failureMessages":[],"meta":{}}],"startTime":1772987638726,"endTime":1772987638738.6914,"status":"passed","message":"","name":"/home/wim/Code/Repositories/Personal/nextjs-saas-boilerplate-drizzle-singletenant-hono-final/apps/api-main/tests/modules/notifications/service.test.ts"}]}